

Processing UsersController#index (for 127.0.0.1 at 2010-07-17 09:38:58) [GET]
  [4;35;1mSQL (0.1ms)[0m   [0mSET NAMES 'latin1'[0m
  [4;36;1mSQL (0.1ms)[0m   [0;1mSET SQL_AUTO_IS_NULL=0[0m
Rendering template within layouts/users
Rendering users/index
  [4;35;1mUser Load (0.2ms)[0m   [0mSELECT * FROM `users` LIMIT 0, 20[0m
  [4;36;1mUser Columns (0.7ms)[0m   [0;1mSHOW FIELDS FROM `users`[0m
Completed in 2021ms (View: 2017, DB: 1) | 200 OK [http://localhost/]


Processing UsersController#fetch_by_offset (for 127.0.0.1 at 2010-07-17 09:39:09) [GET]
  Parameters: {"page"=>"1"}
  [4;35;1mSQL (0.1ms)[0m   [0mSET NAMES 'latin1'[0m
  [4;36;1mSQL (0.1ms)[0m   [0;1mSET SQL_AUTO_IS_NULL=0[0m
  [4;35;1mUser Load (0.2ms)[0m   [0mSELECT * FROM `users` LIMIT 25, 25[0m
  [4;36;1mUser Columns (1.1ms)[0m   [0;1mSHOW FIELDS FROM `users`[0m
Rendered users/_fetch_by_offset (2008.8ms)
Completed in 2015ms (View: 2009, DB: 1) | 200 OK [http://localhost/users/fetch_by_offset?page=1]


Processing UsersController#index (for 127.0.0.1 at 2010-07-17 09:40:13) [GET]
  [4;35;1mSQL (0.1ms)[0m   [0mSET NAMES 'latin1'[0m
  [4;36;1mSQL (0.1ms)[0m   [0;1mSET SQL_AUTO_IS_NULL=0[0m
Rendering template within layouts/users
Rendering users/index
  [4;35;1mUser Load (0.2ms)[0m   [0mSELECT * FROM `users` LIMIT 0, 20[0m
  [4;36;1mUser Columns (0.6ms)[0m   [0;1mSHOW FIELDS FROM `users`[0m
Completed in 2018ms (View: 2014, DB: 1) | 200 OK [http://localhost/]


Processing UsersController#fetch_by_offset (for 127.0.0.1 at 2010-07-17 09:40:18) [GET]
  Parameters: {"page"=>"1"}
  [4;35;1mSQL (0.1ms)[0m   [0mSET NAMES 'latin1'[0m
  [4;36;1mSQL (0.1ms)[0m   [0;1mSET SQL_AUTO_IS_NULL=0[0m
  [4;35;1mUser Load (0.4ms)[0m   [0mSELECT * FROM `users` LIMIT 20, 20[0m
  [4;36;1mUser Columns (0.6ms)[0m   [0;1mSHOW FIELDS FROM `users`[0m
Rendered users/_fetch_by_offset (2008.3ms)
Completed in 2014ms (View: 2009, DB: 1) | 200 OK [http://localhost/users/fetch_by_offset?page=1]


Processing UsersController#fetch_by_offset (for 127.0.0.1 at 2010-07-17 09:40:22) [GET]
  Parameters: {"page"=>"2"}
  [4;35;1mSQL (0.1ms)[0m   [0mSET NAMES 'latin1'[0m
  [4;36;1mSQL (0.1ms)[0m   [0;1mSET SQL_AUTO_IS_NULL=0[0m
  [4;35;1mUser Load (0.5ms)[0m   [0mSELECT * FROM `users` LIMIT 40, 20[0m
  [4;36;1mUser Columns (0.9ms)[0m   [0;1mSHOW FIELDS FROM `users`[0m
Rendered users/_fetch_by_offset (2010.1ms)
Completed in 2016ms (View: 2011, DB: 2) | 200 OK [http://localhost/users/fetch_by_offset?page=2]


Processing UsersController#fetch_by_offset (for 127.0.0.1 at 2010-07-17 09:40:25) [GET]
  Parameters: {"page"=>"3"}
  [4;35;1mSQL (0.1ms)[0m   [0mSET NAMES 'latin1'[0m
  [4;36;1mSQL (0.1ms)[0m   [0;1mSET SQL_AUTO_IS_NULL=0[0m
  [4;35;1mUser Load (0.5ms)[0m   [0mSELECT * FROM `users` LIMIT 60, 20[0m
  [4;36;1mUser Columns (1.0ms)[0m   [0;1mSHOW FIELDS FROM `users`[0m
Rendered users/_fetch_by_offset (2010.0ms)
Completed in 2015ms (View: 2010, DB: 2) | 200 OK [http://localhost/users/fetch_by_offset?page=3]


Processing UsersController#fetch_by_offset (for 127.0.0.1 at 2010-07-17 09:40:28) [GET]
  Parameters: {"page"=>"4"}
  [4;35;1mSQL (0.1ms)[0m   [0mSET NAMES 'latin1'[0m
  [4;36;1mSQL (0.1ms)[0m   [0;1mSET SQL_AUTO_IS_NULL=0[0m
  [4;35;1mUser Load (0.5ms)[0m   [0mSELECT * FROM `users` LIMIT 80, 20[0m
  [4;36;1mUser Columns (1.2ms)[0m   [0;1mSHOW FIELDS FROM `users`[0m
Rendered users/_fetch_by_offset (2010.7ms)
Completed in 2017ms (View: 2011, DB: 2) | 200 OK [http://localhost/users/fetch_by_offset?page=4]


Processing UsersController#index (for 127.0.0.1 at 2010-07-17 09:41:30) [GET]
  [4;35;1mSQL (0.1ms)[0m   [0mSET NAMES 'latin1'[0m
  [4;36;1mSQL (0.1ms)[0m   [0;1mSET SQL_AUTO_IS_NULL=0[0m
Rendering template within layouts/users
Rendering users/index
  [4;35;1mUser Load (5.5ms)[0m   [0mSELECT * FROM `users` LIMIT 0, 20[0m
  [4;36;1mUser Columns (0.7ms)[0m   [0;1mSHOW FIELDS FROM `users`[0m
Completed in 2020ms (View: 2011, DB: 6) | 200 OK [http://localhost/]


Processing UsersController#index (for 127.0.0.1 at 2010-07-17 09:41:40) [GET]
  [4;35;1mSQL (0.6ms)[0m   [0mSET NAMES 'latin1'[0m
  [4;36;1mSQL (0.1ms)[0m   [0;1mSET SQL_AUTO_IS_NULL=0[0m
Rendering template within layouts/users
Rendering users/index
  [4;35;1mUser Load (0.2ms)[0m   [0mSELECT * FROM `users` LIMIT 0, 20[0m
  [4;36;1mUser Columns (0.9ms)[0m   [0;1mSHOW FIELDS FROM `users`[0m
Completed in 2020ms (View: 2014, DB: 2) | 200 OK [http://localhost/]


Processing UsersController#index (for 127.0.0.1 at 2010-07-17 09:42:14) [GET]
  [4;35;1mSQL (0.1ms)[0m   [0mSET NAMES 'latin1'[0m
  [4;36;1mSQL (0.1ms)[0m   [0;1mSET SQL_AUTO_IS_NULL=0[0m
Rendering template within layouts/users
Rendering users/index
  [4;35;1mUser Load (0.1ms)[0m   [0mSELECT * FROM `users` LIMIT 0, 20[0m
  [4;36;1mUser Columns (0.7ms)[0m   [0;1mSHOW FIELDS FROM `users`[0m
Completed in 2018ms (View: 2014, DB: 1) | 200 OK [http://localhost/]


Processing UsersController#index (for 127.0.0.1 at 2010-07-17 09:42:58) [GET]
  [4;35;1mSQL (0.1ms)[0m   [0mSET NAMES 'latin1'[0m
  [4;36;1mSQL (0.1ms)[0m   [0;1mSET SQL_AUTO_IS_NULL=0[0m
Rendering template within layouts/users
Rendering users/index
  [4;35;1mUser Load (0.1ms)[0m   [0mSELECT * FROM `users` LIMIT 0, 20[0m
  [4;36;1mUser Columns (0.6ms)[0m   [0;1mSHOW FIELDS FROM `users`[0m
Completed in 2019ms (View: 2014, DB: 1) | 200 OK [http://localhost/]


Processing UsersController#fetch_by_offset (for 127.0.0.1 at 2010-07-17 09:43:02) [GET]
  Parameters: {"page"=>"1"}
  [4;35;1mSQL (0.1ms)[0m   [0mSET NAMES 'latin1'[0m
  [4;36;1mSQL (0.1ms)[0m   [0;1mSET SQL_AUTO_IS_NULL=0[0m
  [4;35;1mUser Load (0.2ms)[0m   [0mSELECT * FROM `users` LIMIT 20, 20[0m
  [4;36;1mUser Columns (0.9ms)[0m   [0;1mSHOW FIELDS FROM `users`[0m
Rendered users/_fetch_by_offset (2094.3ms)
Completed in 2100ms (View: 2095, DB: 1) | 200 OK [http://localhost/users/fetch_by_offset?page=1]


Processing UsersController#fetch_by_offset (for 127.0.0.1 at 2010-07-17 09:43:05) [GET]
  Parameters: {"page"=>"2"}
  [4;35;1mSQL (0.1ms)[0m   [0mSET NAMES 'latin1'[0m
  [4;36;1mSQL (0.1ms)[0m   [0;1mSET SQL_AUTO_IS_NULL=0[0m
  [4;35;1mUser Load (0.2ms)[0m   [0mSELECT * FROM `users` LIMIT 40, 20[0m
  [4;36;1mUser Columns (0.7ms)[0m   [0;1mSHOW FIELDS FROM `users`[0m
Rendered users/_fetch_by_offset (2008.2ms)
Completed in 2015ms (View: 2009, DB: 1) | 200 OK [http://localhost/users/fetch_by_offset?page=2]


Processing UsersController#fetch_by_offset (for 127.0.0.1 at 2010-07-17 09:43:08) [GET]
  Parameters: {"page"=>"3"}
  [4;35;1mSQL (0.1ms)[0m   [0mSET NAMES 'latin1'[0m
  [4;36;1mSQL (0.1ms)[0m   [0;1mSET SQL_AUTO_IS_NULL=0[0m
  [4;35;1mUser Load (0.2ms)[0m   [0mSELECT * FROM `users` LIMIT 60, 20[0m
  [4;36;1mUser Columns (0.9ms)[0m   [0;1mSHOW FIELDS FROM `users`[0m
Rendered users/_fetch_by_offset (2009.1ms)
Completed in 2015ms (View: 2010, DB: 1) | 200 OK [http://localhost/users/fetch_by_offset?page=3]


Processing UsersController#index (for 127.0.0.1 at 2010-07-17 09:43:35) [GET]
  [4;35;1mSQL (0.1ms)[0m   [0mSET NAMES 'latin1'[0m
  [4;36;1mSQL (0.1ms)[0m   [0;1mSET SQL_AUTO_IS_NULL=0[0m
Rendering template within layouts/users
Rendering users/index
  [4;35;1mUser Load (0.2ms)[0m   [0mSELECT * FROM `users` LIMIT 0, 20[0m
  [4;36;1mUser Columns (0.6ms)[0m   [0;1mSHOW FIELDS FROM `users`[0m
Completed in 2019ms (View: 2015, DB: 1) | 200 OK [http://localhost/]


Processing UsersController#fetch_by_offset (for 127.0.0.1 at 2010-07-17 09:43:39) [GET]
  Parameters: {"page"=>"1"}
  [4;35;1mSQL (0.1ms)[0m   [0mSET NAMES 'latin1'[0m
  [4;36;1mSQL (0.2ms)[0m   [0;1mSET SQL_AUTO_IS_NULL=0[0m
  [4;35;1mUser Load (0.2ms)[0m   [0mSELECT * FROM `users` LIMIT 20, 20[0m
  [4;36;1mUser Columns (0.9ms)[0m   [0;1mSHOW FIELDS FROM `users`[0m
Rendered users/_fetch_by_offset (2009.0ms)
Completed in 2015ms (View: 2010, DB: 1) | 200 OK [http://localhost/users/fetch_by_offset?page=1]


Processing UsersController#fetch_by_offset (for 127.0.0.1 at 2010-07-17 09:43:42) [GET]
  Parameters: {"page"=>"2"}
  [4;35;1mSQL (0.1ms)[0m   [0mSET NAMES 'latin1'[0m
  [4;36;1mSQL (0.1ms)[0m   [0;1mSET SQL_AUTO_IS_NULL=0[0m
  [4;35;1mUser Load (0.2ms)[0m   [0mSELECT * FROM `users` LIMIT 40, 20[0m
  [4;36;1mUser Columns (0.9ms)[0m   [0;1mSHOW FIELDS FROM `users`[0m
Rendered users/_fetch_by_offset (2009.2ms)
Completed in 2015ms (View: 2010, DB: 1) | 200 OK [http://localhost/users/fetch_by_offset?page=2]


Processing UsersController#fetch_by_offset (for 127.0.0.1 at 2010-07-17 09:43:45) [GET]
  Parameters: {"page"=>"3"}
  [4;35;1mSQL (0.1ms)[0m   [0mSET NAMES 'latin1'[0m
  [4;36;1mSQL (0.1ms)[0m   [0;1mSET SQL_AUTO_IS_NULL=0[0m
  [4;35;1mUser Load (0.2ms)[0m   [0mSELECT * FROM `users` LIMIT 60, 20[0m
  [4;36;1mUser Columns (0.6ms)[0m   [0;1mSHOW FIELDS FROM `users`[0m
Rendered users/_fetch_by_offset (2008.2ms)
Completed in 2014ms (View: 2009, DB: 1) | 200 OK [http://localhost/users/fetch_by_offset?page=3]


Processing UsersController#fetch_by_offset (for 127.0.0.1 at 2010-07-17 09:43:48) [GET]
  Parameters: {"page"=>"4"}
  [4;35;1mSQL (0.1ms)[0m   [0mSET NAMES 'latin1'[0m
  [4;36;1mSQL (0.1ms)[0m   [0;1mSET SQL_AUTO_IS_NULL=0[0m
  [4;35;1mUser Load (0.2ms)[0m   [0mSELECT * FROM `users` LIMIT 80, 20[0m
  [4;36;1mUser Columns (0.9ms)[0m   [0;1mSHOW FIELDS FROM `users`[0m
Rendered users/_fetch_by_offset (2009.4ms)
Completed in 2015ms (View: 2010, DB: 1) | 200 OK [http://localhost/users/fetch_by_offset?page=4]


Processing UsersController#fetch_by_offset (for 127.0.0.1 at 2010-07-17 09:43:51) [GET]
  Parameters: {"page"=>"5"}
  [4;35;1mSQL (0.1ms)[0m   [0mSET NAMES 'latin1'[0m
  [4;36;1mSQL (0.1ms)[0m   [0;1mSET SQL_AUTO_IS_NULL=0[0m
  [4;35;1mUser Load (0.5ms)[0m   [0mSELECT * FROM `users` LIMIT 100, 20[0m
  [4;36;1mUser Columns (0.9ms)[0m   [0;1mSHOW FIELDS FROM `users`[0m
Rendered users/_fetch_by_offset (2009.3ms)
Completed in 2015ms (View: 2010, DB: 2) | 200 OK [http://localhost/users/fetch_by_offset?page=5]


Processing UsersController#fetch_by_offset (for 127.0.0.1 at 2010-07-17 09:43:54) [GET]
  Parameters: {"page"=>"6"}
  [4;35;1mSQL (0.1ms)[0m   [0mSET NAMES 'latin1'[0m
  [4;36;1mSQL (0.1ms)[0m   [0;1mSET SQL_AUTO_IS_NULL=0[0m
  [4;35;1mUser Load (0.6ms)[0m   [0mSELECT * FROM `users` LIMIT 120, 20[0m
  [4;36;1mUser Columns (0.7ms)[0m   [0;1mSHOW FIELDS FROM `users`[0m
Rendered users/_fetch_by_offset (2009.5ms)
Completed in 2015ms (View: 2010, DB: 2) | 200 OK [http://localhost/users/fetch_by_offset?page=6]


Processing UsersController#index (for 127.0.0.1 at 2010-07-17 09:44:08) [GET]
  [4;35;1mSQL (0.1ms)[0m   [0mSET NAMES 'latin1'[0m
  [4;36;1mSQL (0.1ms)[0m   [0;1mSET SQL_AUTO_IS_NULL=0[0m
Rendering template within layouts/users
Rendering users/index
  [4;35;1mUser Load (0.2ms)[0m   [0mSELECT * FROM `users` LIMIT 0, 20[0m
  [4;36;1mUser Columns (0.9ms)[0m   [0;1mSHOW FIELDS FROM `users`[0m
Completed in 2086ms (View: 2082, DB: 1) | 200 OK [http://localhost/]


Processing UsersController#fetch_by_offset (for 127.0.0.1 at 2010-07-17 09:44:12) [GET]
  Parameters: {"page"=>"1"}
  [4;35;1mSQL (0.1ms)[0m   [0mSET NAMES 'latin1'[0m
  [4;36;1mSQL (0.1ms)[0m   [0;1mSET SQL_AUTO_IS_NULL=0[0m
  [4;35;1mUser Load (0.2ms)[0m   [0mSELECT * FROM `users` LIMIT 20, 20[0m
  [4;36;1mUser Columns (0.9ms)[0m   [0;1mSHOW FIELDS FROM `users`[0m
Rendered users/_fetch_by_offset (2009.1ms)
Completed in 2015ms (View: 2010, DB: 1) | 200 OK [http://localhost/users/fetch_by_offset?page=1]


Processing UsersController#fetch_by_offset (for 127.0.0.1 at 2010-07-17 09:44:15) [GET]
  Parameters: {"page"=>"2"}
  [4;35;1mSQL (0.1ms)[0m   [0mSET NAMES 'latin1'[0m
  [4;36;1mSQL (0.1ms)[0m   [0;1mSET SQL_AUTO_IS_NULL=0[0m
  [4;35;1mUser Load (0.2ms)[0m   [0mSELECT * FROM `users` LIMIT 40, 20[0m
  [4;36;1mUser Columns (0.9ms)[0m   [0;1mSHOW FIELDS FROM `users`[0m
Rendered users/_fetch_by_offset (2009.4ms)
Completed in 2015ms (View: 2010, DB: 1) | 200 OK [http://localhost/users/fetch_by_offset?page=2]


Processing UsersController#fetch_by_offset (for 127.0.0.1 at 2010-07-17 09:44:18) [GET]
  Parameters: {"page"=>"3"}
  [4;35;1mSQL (0.1ms)[0m   [0mSET NAMES 'latin1'[0m
  [4;36;1mSQL (0.1ms)[0m   [0;1mSET SQL_AUTO_IS_NULL=0[0m
  [4;35;1mUser Load (0.2ms)[0m   [0mSELECT * FROM `users` LIMIT 60, 20[0m
  [4;36;1mUser Columns (0.9ms)[0m   [0;1mSHOW FIELDS FROM `users`[0m
Rendered users/_fetch_by_offset (2009.5ms)
Completed in 2015ms (View: 2010, DB: 1) | 200 OK [http://localhost/users/fetch_by_offset?page=3]


Processing UsersController#fetch_by_offset (for 127.0.0.1 at 2010-07-17 09:44:21) [GET]
  Parameters: {"page"=>"4"}
  [4;35;1mSQL (0.1ms)[0m   [0mSET NAMES 'latin1'[0m
  [4;36;1mSQL (0.1ms)[0m   [0;1mSET SQL_AUTO_IS_NULL=0[0m
  [4;35;1mUser Load (0.2ms)[0m   [0mSELECT * FROM `users` LIMIT 80, 20[0m
  [4;36;1mUser Columns (1.0ms)[0m   [0;1mSHOW FIELDS FROM `users`[0m
Rendered users/_fetch_by_offset (2008.7ms)
Completed in 2014ms (View: 2009, DB: 1) | 200 OK [http://localhost/users/fetch_by_offset?page=4]


Processing UsersController#fetch_by_offset (for 127.0.0.1 at 2010-07-17 09:44:27) [GET]
  Parameters: {"page"=>"5"}
  [4;35;1mSQL (0.1ms)[0m   [0mSET NAMES 'latin1'[0m
  [4;36;1mSQL (0.1ms)[0m   [0;1mSET SQL_AUTO_IS_NULL=0[0m
  [4;35;1mUser Load (0.2ms)[0m   [0mSELECT * FROM `users` LIMIT 100, 20[0m
  [4;36;1mUser Columns (0.8ms)[0m   [0;1mSHOW FIELDS FROM `users`[0m
Rendered users/_fetch_by_offset (2008.5ms)
Completed in 2014ms (View: 2010, DB: 1) | 200 OK [http://localhost/users/fetch_by_offset?page=5]


Processing UsersController#index (for 127.0.0.1 at 2010-07-17 09:44:47) [GET]
  [4;35;1mSQL (0.1ms)[0m   [0mSET NAMES 'latin1'[0m
  [4;36;1mSQL (0.1ms)[0m   [0;1mSET SQL_AUTO_IS_NULL=0[0m
Rendering template within layouts/users
Rendering users/index
  [4;35;1mUser Load (0.2ms)[0m   [0mSELECT * FROM `users` LIMIT 0, 20[0m
  [4;36;1mUser Columns (0.8ms)[0m   [0;1mSHOW FIELDS FROM `users`[0m
Completed in 2017ms (View: 2013, DB: 1) | 200 OK [http://localhost/]


Processing UsersController#fetch_by_offset (for 127.0.0.1 at 2010-07-17 09:44:51) [GET]
  Parameters: {"page"=>"1"}
  [4;35;1mSQL (0.1ms)[0m   [0mSET NAMES 'latin1'[0m
  [4;36;1mSQL (0.1ms)[0m   [0;1mSET SQL_AUTO_IS_NULL=0[0m
  [4;35;1mUser Load (0.1ms)[0m   [0mSELECT * FROM `users` LIMIT 20, 20[0m
  [4;36;1mUser Columns (0.7ms)[0m   [0;1mSHOW FIELDS FROM `users`[0m
Rendered users/_fetch_by_offset (2007.1ms)
Completed in 2013ms (View: 2008, DB: 1) | 200 OK [http://localhost/users/fetch_by_offset?page=1]


Processing UsersController#fetch_by_offset (for 127.0.0.1 at 2010-07-17 09:44:54) [GET]
  Parameters: {"page"=>"2"}
  [4;35;1mSQL (0.1ms)[0m   [0mSET NAMES 'latin1'[0m
  [4;36;1mSQL (0.1ms)[0m   [0;1mSET SQL_AUTO_IS_NULL=0[0m
  [4;35;1mUser Load (0.2ms)[0m   [0mSELECT * FROM `users` LIMIT 40, 20[0m
  [4;36;1mUser Columns (0.8ms)[0m   [0;1mSHOW FIELDS FROM `users`[0m
Rendered users/_fetch_by_offset (2010.7ms)
Completed in 2017ms (View: 2012, DB: 1) | 200 OK [http://localhost/users/fetch_by_offset?page=2]


Processing UsersController#fetch_by_offset (for 127.0.0.1 at 2010-07-17 09:44:57) [GET]
  Parameters: {"page"=>"3"}
  [4;35;1mSQL (0.2ms)[0m   [0mSET NAMES 'latin1'[0m
  [4;36;1mSQL (0.1ms)[0m   [0;1mSET SQL_AUTO_IS_NULL=0[0m
  [4;35;1mUser Load (0.2ms)[0m   [0mSELECT * FROM `users` LIMIT 60, 20[0m
  [4;36;1mUser Columns (1.0ms)[0m   [0;1mSHOW FIELDS FROM `users`[0m
Rendered users/_fetch_by_offset (2008.7ms)
Completed in 2014ms (View: 2010, DB: 1) | 200 OK [http://localhost/users/fetch_by_offset?page=3]


Processing UsersController#fetch_by_offset (for 127.0.0.1 at 2010-07-17 09:45:00) [GET]
  Parameters: {"page"=>"4"}
  [4;35;1mSQL (0.1ms)[0m   [0mSET NAMES 'latin1'[0m
  [4;36;1mSQL (0.1ms)[0m   [0;1mSET SQL_AUTO_IS_NULL=0[0m
  [4;35;1mUser Load (0.2ms)[0m   [0mSELECT * FROM `users` LIMIT 80, 20[0m
  [4;36;1mUser Columns (0.8ms)[0m   [0;1mSHOW FIELDS FROM `users`[0m
Rendered users/_fetch_by_offset (2008.5ms)
Completed in 2019ms (View: 2010, DB: 1) | 200 OK [http://localhost/users/fetch_by_offset?page=4]


Processing UsersController#fetch_by_offset (for 127.0.0.1 at 2010-07-17 09:45:03) [GET]
  Parameters: {"page"=>"5"}
  [4;35;1mSQL (0.1ms)[0m   [0mSET NAMES 'latin1'[0m
  [4;36;1mSQL (0.1ms)[0m   [0;1mSET SQL_AUTO_IS_NULL=0[0m
  [4;35;1mUser Load (0.2ms)[0m   [0mSELECT * FROM `users` LIMIT 100, 20[0m
  [4;36;1mUser Columns (1.1ms)[0m   [0;1mSHOW FIELDS FROM `users`[0m
Rendered users/_fetch_by_offset (2010.0ms)
Completed in 2016ms (View: 2010, DB: 2) | 200 OK [http://localhost/users/fetch_by_offset?page=5]


Processing UsersController#fetch_by_offset (for 127.0.0.1 at 2010-07-17 09:45:06) [GET]
  Parameters: {"page"=>"6"}
  [4;35;1mSQL (0.1ms)[0m   [0mSET NAMES 'latin1'[0m
  [4;36;1mSQL (0.1ms)[0m   [0;1mSET SQL_AUTO_IS_NULL=0[0m
  [4;35;1mUser Load (0.2ms)[0m   [0mSELECT * FROM `users` LIMIT 120, 20[0m
  [4;36;1mUser Columns (0.7ms)[0m   [0;1mSHOW FIELDS FROM `users`[0m
Rendered users/_fetch_by_offset (2008.7ms)
Completed in 2015ms (View: 2010, DB: 1) | 200 OK [http://localhost/users/fetch_by_offset?page=6]


Processing UsersController#fetch_by_offset (for 127.0.0.1 at 2010-07-17 09:45:09) [GET]
  Parameters: {"page"=>"7"}
  [4;35;1mSQL (0.1ms)[0m   [0mSET NAMES 'latin1'[0m
  [4;36;1mSQL (0.1ms)[0m   [0;1mSET SQL_AUTO_IS_NULL=0[0m
  [4;35;1mUser Load (0.7ms)[0m   [0mSELECT * FROM `users` LIMIT 140, 20[0m
  [4;36;1mUser Columns (0.9ms)[0m   [0;1mSHOW FIELDS FROM `users`[0m
Rendered users/_fetch_by_offset (2010.0ms)
Completed in 2016ms (View: 2010, DB: 2) | 200 OK [http://localhost/users/fetch_by_offset?page=7]


Processing UsersController#fetch_by_offset (for 127.0.0.1 at 2010-07-17 09:45:12) [GET]
  Parameters: {"page"=>"8"}
  [4;35;1mSQL (0.1ms)[0m   [0mSET NAMES 'latin1'[0m
  [4;36;1mSQL (0.1ms)[0m   [0;1mSET SQL_AUTO_IS_NULL=0[0m
  [4;35;1mUser Load (0.6ms)[0m   [0mSELECT * FROM `users` LIMIT 160, 20[0m
  [4;36;1mUser Columns (0.8ms)[0m   [0;1mSHOW FIELDS FROM `users`[0m
Rendered users/_fetch_by_offset (2009.9ms)
Completed in 2016ms (View: 2010, DB: 2) | 200 OK [http://localhost/users/fetch_by_offset?page=8]


Processing UsersController#fetch_by_offset (for 127.0.0.1 at 2010-07-17 09:45:15) [GET]
  Parameters: {"page"=>"9"}
  [4;35;1mSQL (0.1ms)[0m   [0mSET NAMES 'latin1'[0m
  [4;36;1mSQL (0.2ms)[0m   [0;1mSET SQL_AUTO_IS_NULL=0[0m
  [4;35;1mUser Load (0.5ms)[0m   [0mSELECT * FROM `users` LIMIT 180, 20[0m
  [4;36;1mUser Columns (0.9ms)[0m   [0;1mSHOW FIELDS FROM `users`[0m
Rendered users/_fetch_by_offset (2009.0ms)
Completed in 2015ms (View: 2009, DB: 2) | 200 OK [http://localhost/users/fetch_by_offset?page=9]
